<?xml version="1.0" encoding="UTF-8"?>
<!-- Generated by org.testng.reporters.JUnitXMLReporter -->
<testsuite ignored="0" hostname="CHE7-L22966" failures="0" tests="8" name="sampleOneTest" time="0.095" errors="0" timestamp="2023-06-12T09:44:03 IST">
  <testcase classname="parallelScripts.sampleOneTest" name="sampleTestFour" time="0.013"/>
  <testcase classname="parallelScripts.sampleOneTest" name="sampleTestOne" time="0.002"/>
  <testcase classname="parallelScripts.sampleOneTest" name="sampleTestThree" time="0.001"/>
  <testcase classname="parallelScripts.sampleOneTest" name="sampleTestTwo" time="0.003"/>
  <testcase classname="parallelScripts.sampleTwoTest" name="sampleTestEight" time="0.002"/>
  <testcase classname="parallelScripts.sampleTwoTest" name="sampleTestFive" time="0.001"/>
  <testcase classname="parallelScripts.sampleTwoTest" name="sampleTestSeven" time="0.001"/>
  <testcase classname="parallelScripts.sampleTwoTest" name="sampleTestSix" time="0.002"/>
</testsuite> <!-- sampleOneTest -->
