<?xml version="1.0" encoding="UTF-8"?>
<!-- Generated by org.testng.reporters.JUnitXMLReporter -->
<testsuite ignored="0" hostname="CHE7-L22966" failures="0" tests="4" name="sampleTwoTest" time="0.083" errors="0" timestamp="2023-06-12T09:44:03 IST">
  <testcase classname="parallelScripts.sampleThreeTest" name="sampleTestFour" time="0.013"/>
  <testcase classname="parallelScripts.sampleThreeTest" name="sampleTestNine" time="0.002"/>
  <testcase classname="parallelScripts.sampleThreeTest" name="sampleTestTen" time="0.001"/>
  <testcase classname="parallelScripts.sampleThreeTest" name="sampleTestThree" time="0.002"/>
</testsuite> <!-- sampleTwoTest -->
