<?xml version="1.0" encoding="UTF-8"?>
<!-- Generated by org.testng.reporters.JUnitXMLReporter -->
<testsuite ignored="6" hostname="CHE7-L22966" failures="0" tests="2" name="sampleTest" time="0.055" errors="0" timestamp="2023-06-09T16:37:01 IST">
  <testcase classname="testNGPackage.testNGClass_Three" name="aucumSearchTest" time="0.009"/>
  <testcase classname="testNGPackage.testNGClass_Four" name="bucumSearchTest" time="0.002"/>
  <testcase classname="testNGPackage.testNGClass_Three" name="ducumSearchTest" time="0.0">
    <ignored/>
  </testcase> <!-- ducumSearchTest -->
  <testcase classname="testNGPackage.testNGClass_Four" name="aucumSearchTest" time="0.0">
    <ignored/>
  </testcase> <!-- aucumSearchTest -->
  <testcase classname="testNGPackage.testNGClass_Four" name="ducumSearchTest" time="0.0">
    <ignored/>
  </testcase> <!-- ducumSearchTest -->
  <testcase classname="testNGPackage.testNGClass_Four" name="cucumSearchTest" time="0.0">
    <ignored/>
  </testcase> <!-- cucumSearchTest -->
  <testcase classname="testNGPackage.testNGClass_Three" name="bucumSearchTest" time="0.0">
    <ignored/>
  </testcase> <!-- bucumSearchTest -->
  <testcase classname="testNGPackage.testNGClass_Three" name="cucumSearchTest" time="0.0">
    <ignored/>
  </testcase> <!-- cucumSearchTest -->
</testsuite> <!-- sampleTest -->
