<?xml version="1.0" encoding="UTF-8"?>
<testng-results ignored="0" total="1" passed="1" failed="0" skipped="0">
  <reporter-output>
  </reporter-output>
  <suite started-at="2023-07-19T13:28:10 IST" name="Default suite" finished-at="2023-07-19T13:28:17 IST" duration-ms="7553">
    <groups>
    </groups>
    <test started-at="2023-07-19T13:28:10 IST" name="Default test" finished-at="2023-07-19T13:28:17 IST" duration-ms="7553">
      <class name="headlessbrowser.headlessbrowserslir">
        <test-method is-config="true" signature="setupExtent()[pri:0, instance:headlessbrowser.headlessbrowserslir@7d4f9aae]" started-at="2023-07-19T13:28:10 IST" name="setupExtent" finished-at="2023-07-19T13:28:10 IST" duration-ms="349" status="PASS">
          <reporter-output>
          </reporter-output>
        </test-method> <!-- setupExtent -->
        <test-method is-config="true" signature="setupClass()[pri:0, instance:headlessbrowser.headlessbrowserslir@7d4f9aae]" started-at="2023-07-19T13:28:10 IST" name="setupClass" finished-at="2023-07-19T13:28:11 IST" duration-ms="711" status="PASS">
          <reporter-output>
          </reporter-output>
        </test-method> <!-- setupClass -->
        <test-method signature="verifyTitle()[pri:0, instance:headlessbrowser.headlessbrowserslir@7d4f9aae]" started-at="2023-07-19T13:28:11 IST" name="verifyTitle" finished-at="2023-07-19T13:28:17 IST" duration-ms="6447" status="PASS">
          <reporter-output>
          </reporter-output>
        </test-method> <!-- verifyTitle -->
      </class> <!-- headlessbrowser.headlessbrowserslir -->
    </test> <!-- Default test -->
  </suite> <!-- Default suite -->
</testng-results>
